This is pdfTeX, Version 3.14159265-2.6-1.40.20 (TeX Live 2019/Debian) (preloaded format=pdflatex 2020.8.29)  9 SEP 2020 14:43
entering extended mode
 restricted \write18 enabled.
 %&-line parsing enabled.
**\nonstopmode \input ./Rd2.tex \input ./Rd2.tex \input ./Rd2.tex \input ./Rd2.
tex
(./Rd2.tex
(/usr/share/texlive/texmf-dist/tex/latex/base/book.cls
Document Class: book 2019/12/20 v1.4l Standard LaTeX document class
(/usr/share/texlive/texmf-dist/tex/latex/base/bk10.clo
File: bk10.clo 2019/12/20 v1.4l Standard LaTeX file (size option)
)
\c@part=\count167
\c@chapter=\count168
\c@section=\count169
\c@subsection=\count170
\c@subsubsection=\count171
\c@paragraph=\count172
\c@subparagraph=\count173
\c@figure=\count174
\c@table=\count175
\abovecaptionskip=\skip47
\belowcaptionskip=\skip48
\bibindent=\dimen134
)
(/usr/share/R/share/texmf/tex/latex/Rd.sty
Package: Rd 

(/usr/share/texlive/texmf-dist/tex/latex/base/ifthen.sty
Package: ifthen 2014/09/29 v1.1c Standard LaTeX ifthen package (DPC)
)
(/usr/share/texlive/texmf-dist/tex/latex/tools/longtable.sty
Package: longtable 2020/01/07 v4.13 Multi-page Table package (DPC)
\LTleft=\skip49
\LTright=\skip50
\LTpre=\skip51
\LTpost=\skip52
\LTchunksize=\count176
\LTcapwidth=\dimen135
\LT@head=\box45
\LT@firsthead=\box46
\LT@foot=\box47
\LT@lastfoot=\box48
\LT@cols=\count177
\LT@rows=\count178
\c@LT@tables=\count179
\c@LT@chunks=\count180
\LT@p@ftn=\toks14
)
(/usr/share/texlive/texmf-dist/tex/latex/tools/bm.sty
Package: bm 2019/07/24 v1.2d Bold Symbol Support (DPC/FMi)
\symboldoperators=\mathgroup4
\symboldletters=\mathgroup5
\symboldsymbols=\mathgroup6
LaTeX Font Info:    Redeclaring math alphabet \mathbf on input line 141.
LaTeX Info: Redefining \bm on input line 209.
)
(/usr/share/texlive/texmf-dist/tex/latex/base/alltt.sty
Package: alltt 1997/06/16 v2.0g defines alltt environment
)
(/usr/share/texlive/texmf-dist/tex/latex/tools/verbatim.sty
Package: verbatim 2019/11/10 v1.5r LaTeX2e package for verbatim enhancements
\every@verbatim=\toks15
\verbatim@line=\toks16
\verbatim@in@stream=\read2
)
(/usr/share/texlive/texmf-dist/tex/latex/url/url.sty
\Urlmuskip=\muskip16
Package: url 2013/09/16  ver 3.4  Verb mode for urls, etc.
)
(/usr/share/texlive/texmf-dist/tex/latex/base/textcomp.sty
Package: textcomp 2020/02/02 v2.0n Standard LaTeX package
)
\ldescriptionwidth=\skip53

(/usr/share/texlive/texmf-dist/tex/latex/base/fontenc.sty
Package: fontenc 2020/02/11 v2.0o Standard LaTeX package
)
(/usr/share/texlive/texmf-dist/tex/latex/psnfss/times.sty
Package: times 2005/04/12 PSNFSS-v9.2a (SPQR) 
)
(/usr/share/texlive/texmf-dist/tex/latex/inconsolata/zi4.sty
Package: zi4 2019/05/17 v1.12

`inconsolata-zi4' v1.12, 2019/05/17 Text macros for Inconsolata (msharpe)
(/usr/share/texlive/texmf-dist/tex/latex/xkeyval/xkeyval.sty
Package: xkeyval 2014/12/03 v2.7a package option processing (HA)

(/usr/share/texlive/texmf-dist/tex/generic/xkeyval/xkeyval.tex
(/usr/share/texlive/texmf-dist/tex/generic/xkeyval/xkvutils.tex
\XKV@toks=\toks17
\XKV@tempa@toks=\toks18

(/usr/share/texlive/texmf-dist/tex/generic/xkeyval/keyval.tex))
\XKV@depth=\count181
File: xkeyval.tex 2014/12/03 v2.7a key=value parser (HA)
))
\zifour@ocount=\count182
)
(/usr/share/texlive/texmf-dist/tex/latex/graphics/color.sty
Package: color 2019/11/23 v1.2a Standard LaTeX Color (DPC)

(/usr/share/texlive/texmf-dist/tex/latex/graphics-cfg/color.cfg
File: color.cfg 2016/01/02 v1.6 sample color configuration
)
Package color Info: Driver file: pdftex.def on input line 147.

(/usr/share/texlive/texmf-dist/tex/latex/graphics-def/pdftex.def
File: pdftex.def 2018/01/08 v1.0l Graphics/color driver for pdftex
))
(/usr/share/texlive/texmf-dist/tex/latex/hyperref/hyperref.sty
Package: hyperref 2020/01/14 v7.00d Hypertext links for LaTeX

(/usr/share/texlive/texmf-dist/tex/generic/ltxcmds/ltxcmds.sty
Package: ltxcmds 2019/12/15 v1.24 LaTeX kernel commands for general use (HO)
)
(/usr/share/texlive/texmf-dist/tex/generic/iftex/iftex.sty
Package: iftex 2019/11/07 v1.0c TeX engine tests
)
(/usr/share/texlive/texmf-dist/tex/latex/pdftexcmds/pdftexcmds.sty
Package: pdftexcmds 2019/11/24 v0.31 Utility functions of pdfTeX for LuaTeX (HO
)

(/usr/share/texlive/texmf-dist/tex/generic/infwarerr/infwarerr.sty
Package: infwarerr 2019/12/03 v1.5 Providing info/warning/error messages (HO)
)
Package pdftexcmds Info: \pdf@primitive is available.
Package pdftexcmds Info: \pdf@ifprimitive is available.
Package pdftexcmds Info: \pdfdraftmode found.
)
(/usr/share/texlive/texmf-dist/tex/generic/kvsetkeys/kvsetkeys.sty
Package: kvsetkeys 2019/12/15 v1.18 Key value parser (HO)
)
(/usr/share/texlive/texmf-dist/tex/generic/kvdefinekeys/kvdefinekeys.sty
Package: kvdefinekeys 2019-12-19 v1.6 Define keys (HO)
)
(/usr/share/texlive/texmf-dist/tex/generic/pdfescape/pdfescape.sty
Package: pdfescape 2019/12/09 v1.15 Implements pdfTeX's escape features (HO)
)
(/usr/share/texlive/texmf-dist/tex/latex/hycolor/hycolor.sty
Package: hycolor 2020-01-27 v1.10 Color options for hyperref/bookmark (HO)
)
(/usr/share/texlive/texmf-dist/tex/latex/letltxmacro/letltxmacro.sty
Package: letltxmacro 2019/12/03 v1.6 Let assignment for LaTeX macros (HO)
)
(/usr/share/texlive/texmf-dist/tex/latex/auxhook/auxhook.sty
Package: auxhook 2019-12-17 v1.6 Hooks for auxiliary files (HO)
)
(/usr/share/texlive/texmf-dist/tex/latex/kvoptions/kvoptions.sty
Package: kvoptions 2019/11/29 v3.13 Key value format for package options (HO)
)
\@linkdim=\dimen136
\Hy@linkcounter=\count183
\Hy@pagecounter=\count184

(/usr/share/texlive/texmf-dist/tex/latex/hyperref/pd1enc.def
File: pd1enc.def 2020/01/14 v7.00d Hyperref: PDFDocEncoding definition (HO)
Now handling font encoding PD1 ...
... no UTF-8 mapping file for font encoding PD1
)
(/usr/share/texlive/texmf-dist/tex/generic/intcalc/intcalc.sty
Package: intcalc 2019/12/15 v1.3 Expandable calculations with integers (HO)
)
(/usr/share/texlive/texmf-dist/tex/generic/etexcmds/etexcmds.sty
Package: etexcmds 2019/12/15 v1.7 Avoid name clashes with e-TeX commands (HO)
)
\Hy@SavedSpaceFactor=\count185
\pdfmajorversion=\count186
Package hyperref Info: Hyper figures OFF on input line 4547.
Package hyperref Info: Link nesting OFF on input line 4552.
Package hyperref Info: Hyper index ON on input line 4555.
Package hyperref Info: Plain pages OFF on input line 4562.
Package hyperref Info: Backreferencing OFF on input line 4567.
Package hyperref Info: Implicit mode ON; LaTeX internals redefined.
Package hyperref Info: Bookmarks ON on input line 4800.
\c@Hy@tempcnt=\count187
LaTeX Info: Redefining \url on input line 5159.
\XeTeXLinkMargin=\dimen137

(/usr/share/texlive/texmf-dist/tex/generic/bitset/bitset.sty
Package: bitset 2019/12/09 v1.3 Handle bit-vector datatype (HO)

(/usr/share/texlive/texmf-dist/tex/generic/bigintcalc/bigintcalc.sty
Package: bigintcalc 2019/12/15 v1.5 Expandable calculations on big integers (HO
)
))
\Fld@menulength=\count188
\Field@Width=\dimen138
\Fld@charsize=\dimen139
Package hyperref Info: Hyper figures OFF on input line 6430.
Package hyperref Info: Link nesting OFF on input line 6435.
Package hyperref Info: Hyper index ON on input line 6438.
Package hyperref Info: backreferencing OFF on input line 6445.
Package hyperref Info: Link coloring OFF on input line 6450.
Package hyperref Info: Link coloring with OCG OFF on input line 6455.
Package hyperref Info: PDF/A mode OFF on input line 6460.
LaTeX Info: Redefining \ref on input line 6500.
LaTeX Info: Redefining \pageref on input line 6504.

(/usr/share/texlive/texmf-dist/tex/generic/atbegshi/atbegshi.sty
Package: atbegshi 2019/12/05 v1.19 At begin shipout hook (HO)
)
\Hy@abspage=\count189
\c@Item=\count190
\c@Hfootnote=\count191
)
Package hyperref Info: Driver (autodetected): hpdftex.

(/usr/share/texlive/texmf-dist/tex/latex/hyperref/hpdftex.def
File: hpdftex.def 2020/01/14 v7.00d Hyperref driver for pdfTeX

(/usr/share/texlive/texmf-dist/tex/latex/atveryend/atveryend.sty
Package: atveryend 2019-12-11 v1.11 Hooks at the very end of document (HO)
Package atveryend Info: \enddocument detected (standard20110627).
)
\Fld@listcount=\count192
\c@bookmark@seq@number=\count193

(/usr/share/texlive/texmf-dist/tex/latex/rerunfilecheck/rerunfilecheck.sty
Package: rerunfilecheck 2019/12/05 v1.9 Rerun checks for auxiliary files (HO)

(/usr/share/texlive/texmf-dist/tex/generic/uniquecounter/uniquecounter.sty
Package: uniquecounter 2019/12/15 v1.4 Provide unlimited unique counter (HO)
)
Package uniquecounter Info: New unique counter `rerunfilecheck' on input line 2
86.
)
\Hy@SectionHShift=\skip54
)

Package hyperref Warning: Option `hyperindex' has already been used,
(hyperref)                setting the option has no effect on input line 377.

Package hyperref Info: Option `colorlinks' set `true' on input line 377.

Package hyperref Warning: Option `pagebackref' has already been used,
(hyperref)                setting the option has no effect on input line 377.

Package hyperref Info: Option `linktocpage' set `true' on input line 377.
Package hyperref Info: Option `plainpages' set `false' on input line 377.
) (/usr/share/texlive/texmf-dist/tex/latex/base/makeidx.sty
Package: makeidx 2014/09/29 v1.0m Standard LaTeX package
)
(/usr/share/texlive/texmf-dist/tex/latex/base/inputenc.sty
Package: inputenc 2018/08/11 v1.3c Input encoding file
\inpenc@prehook=\toks19
\inpenc@posthook=\toks20
)
\@indexfile=\write3
\openout3 = `Rd2.idx'.


Writing index file Rd2.idx
(/usr/share/texlive/texmf-dist/tex/latex/l3backend/l3backend-pdfmode.def
File: l3backend-pdfmode.def 2020-02-03 L3 backend support: PDF mode
\l__kernel_color_stack_int=\count194
\l__pdf_internal_box=\box49
)
(/tmp/RtmpaNTkvx/Rd2pdf365042243561/Rd2.aux)
\openout1 = `Rd2.aux'.

LaTeX Font Info:    Checking defaults for OML/cmm/m/it on input line 8.
LaTeX Font Info:    ... okay on input line 8.
LaTeX Font Info:    Checking defaults for OMS/cmsy/m/n on input line 8.
LaTeX Font Info:    ... okay on input line 8.
LaTeX Font Info:    Checking defaults for OT1/cmr/m/n on input line 8.
LaTeX Font Info:    ... okay on input line 8.
LaTeX Font Info:    Checking defaults for T1/cmr/m/n on input line 8.
LaTeX Font Info:    ... okay on input line 8.
LaTeX Font Info:    Checking defaults for TS1/cmr/m/n on input line 8.
LaTeX Font Info:    ... okay on input line 8.
LaTeX Font Info:    Checking defaults for OMX/cmex/m/n on input line 8.
LaTeX Font Info:    ... okay on input line 8.
LaTeX Font Info:    Checking defaults for U/cmr/m/n on input line 8.
LaTeX Font Info:    ... okay on input line 8.
LaTeX Font Info:    Checking defaults for PD1/pdf/m/n on input line 8.
LaTeX Font Info:    ... okay on input line 8.
LaTeX Font Info:    Trying to load font information for T1+ptm on input line 8.


(/usr/share/texlive/texmf-dist/tex/latex/psnfss/t1ptm.fd
File: t1ptm.fd 2001/06/04 font definitions for T1/ptm.
)
(/usr/share/texlive/texmf-dist/tex/context/base/mkii/supp-pdf.mkii
[Loading MPS to PDF converter (version 2006.09.02).]
\scratchcounter=\count195
\scratchdimen=\dimen140
\scratchbox=\box50
\nofMPsegments=\count196
\nofMParguments=\count197
\everyMPshowfont=\toks21
\MPscratchCnt=\count198
\MPscratchDim=\dimen141
\MPnumerator=\count199
\makeMPintoPDFobject=\count266
\everyMPtoPDFconversion=\toks22
)
\AtBeginShipoutBox=\box51
Package hyperref Info: Link coloring ON on input line 8.
 (/usr/share/texlive/texmf-dist/tex/latex/hyperref/nameref.sty
Package: nameref 2019/09/16 v2.46 Cross-referencing by name of section

(/usr/share/texlive/texmf-dist/tex/latex/refcount/refcount.sty
Package: refcount 2019/12/15 v3.6 Data extraction from label references (HO)
)
(/usr/share/texlive/texmf-dist/tex/generic/gettitlestring/gettitlestring.sty
Package: gettitlestring 2019/12/15 v1.6 Cleanup title references (HO)
)
\c@section@level=\count267
)
LaTeX Info: Redefining \ref on input line 8.
LaTeX Info: Redefining \pageref on input line 8.
LaTeX Info: Redefining \nameref on input line 8.

(/tmp/RtmpaNTkvx/Rd2pdf365042243561/Rd2.out)
(/tmp/RtmpaNTkvx/Rd2pdf365042243561/Rd2.out)
\@outlinefile=\write4
\openout4 = `Rd2.out'.

LaTeX Font Info:    Trying to load font information for T1+zi4 on input line 20
.

(/usr/share/texlive/texmf-dist/tex/latex/inconsolata/t1zi4.fd
File: t1zi4.fd 2018/01/14 T1/zi4 (Inconsolata)
)
LaTeX Font Info:    Font shape `T1/zi4/m/n' will be
(Font)              scaled to size 10.0pt on input line 20.
LaTeX Font Info:    Trying to load font information for T1+phv on input line 49
.

(/usr/share/texlive/texmf-dist/tex/latex/psnfss/t1phv.fd
File: t1phv.fd 2001/06/04 scalable font definitions for T1/phv.
)
(/tmp/RtmpaNTkvx/Rd2pdf365042243561/Rd2.toc
LaTeX Font Info:    External font `cmex10' loaded for size
(Font)              <7> on input line 1.
LaTeX Font Info:    External font `cmex10' loaded for size
(Font)              <5> on input line 1.
 [1


{/var/lib/texmf/fonts/map/pdftex/updmap/pdftex.map}])
\tf@toc=\write5
\openout5 = `Rd2.toc'.

 [2]
Overfull \hbox (11.3497pt too wide) in paragraph at lines 77--93
\T1/ptm/m/n/10 ISSN 0885-6125, doi: [][]10.1007/s10994-016-5582-8[][], [][]$\T1
/zi4/m/n/10 https : / / doi . org / 10 . 1007 / s10994-[]016-[]5582-[]8$[][]\T1
/ptm/m/n/10 .
 []


Overfull \hbox (20.69966pt too wide) in paragraph at lines 77--93
\T1/zi4/m/n/10 6 / 893 / 3925036 ? guestAccessKey = c3470adf-[]391d-[]4fad-[]b9
35-[]63e71e4df06a$[][]\T1/ptm/m/n/10 . Sar-mento RP (2019).
 []

[3]
LaTeX Font Info:    Font shape `T1/zi4/m/n' will be
(Font)              scaled to size 9.0pt on input line 179.
 [4] [5] [6] [7] [8] [9]
Overfull \hbox (23.27168pt too wide) in paragraph at lines 518--518
 []   \T1/zi4/m/n/9 c(0,0,0,0,0,0,0,0,0,0,0,0,0,0,0,0,1,1,1,12,13,1,1,1,2,2,2,1
8,12,19,20,2,3,11,12,4,9,5,9,22)[] 
 []

[10]
Overfull \hbox (23.27168pt too wide) in paragraph at lines 571--571
 []   \T1/zi4/m/n/9 c(0,0,0,0,0,0,0,0,0,0,0,0,0,0,0,0,1,1,1,12,13,1,1,1,2,2,2,1
8,12,19,20,2,3,11,12,4,9,5,9,22)[] 
 []


Overfull \hbox (23.27168pt too wide) in paragraph at lines 622--622
 []   \T1/zi4/m/n/9 c(0,0,0,0,0,0,0,0,0,0,0,0,0,0,0,0,1,1,1,12,13,1,1,1,2,2,2,1
8,12,19,20,2,3,11,12,4,9,5,9,22)[] 
 []

[11] [12]
Overfull \hbox (23.27168pt too wide) in paragraph at lines 679--679
 []   \T1/zi4/m/n/9 c(0,0,0,0,0,0,0,0,0,0,0,0,0,0,0,0,1,1,1,12,13,1,1,1,2,2,2,1
8,12,19,20,2,3,11,12,4,9,5,9,22)[] 
 []

[13]
Overfull \hbox (23.27168pt too wide) in paragraph at lines 733--733
 []   \T1/zi4/m/n/9 c(0,0,0,0,0,0,0,0,0,0,0,0,0,0,0,0,1,1,1,12,13,1,1,1,2,2,2,1
8,12,19,20,2,3,11,12,4,9,5,9,22)[] 
 []

[14]
Overfull \hbox (23.27168pt too wide) in paragraph at lines 804--804
 []   \T1/zi4/m/n/9 c(0,0,0,0,0,0,0,0,0,0,0,0,0,0,0,0,1,1,1,12,13,1,1,1,2,2,2,1
8,12,19,20,2,3,11,12,4,9,5,9,22)[] 
 []

[15]
Overfull \hbox (23.27168pt too wide) in paragraph at lines 864--864
 []   \T1/zi4/m/n/9 c(0,0,0,0,0,0,0,0,0,0,0,0,0,0,0,0,1,1,1,12,13,1,1,1,2,2,2,1
8,12,19,20,2,3,11,12,4,9,5,9,22)[] 
 []

[16]
Overfull \hbox (23.27168pt too wide) in paragraph at lines 917--917
 []   \T1/zi4/m/n/9 c(0,0,0,0,0,0,0,0,0,0,0,0,0,0,0,0,1,1,1,12,13,1,1,1,2,2,2,1
8,12,19,20,2,3,11,12,4,9,5,9,22)[] 
 []

[17]
Overfull \hbox (23.27168pt too wide) in paragraph at lines 973--973
 []   \T1/zi4/m/n/9 c(0,0,0,0,0,0,0,0,0,0,0,0,0,0,0,0,1,1,1,12,13,1,1,1,2,2,2,1
8,12,19,20,2,3,11,12,4,9,5,9,22)[] 
 []

[18] [19] [20] [21]
Overfull \hbox (22.91801pt too wide) in paragraph at lines 1314--1315
[]\T1/ptm/m/n/10 Alias for com-mu-ni-tyVer-tex-Count(). See [][]\T1/zi4/m/n/10 
communityVertexCount[][][] 
 []

[22] [23]
LaTeX Font Info:    Trying to load font information for TS1+zi4 on input line 1
437.
 (/usr/share/texlive/texmf-dist/tex/latex/inconsolata/ts1zi4.fd
File: ts1zi4.fd 2018/01/14 TS1/zi4 (Inconsolata)
)
LaTeX Font Info:    Font shape `TS1/zi4/m/n' will be
(Font)              scaled to size 9.0pt on input line 1437.

[24]
Overfull \hbox (4.29733pt too wide) in paragraph at lines 1522--1524
[]\T1/ptm/m/n/10 Contains a file named "REF-ER-ENCES.bib" where bib-li-o-graphi
c ref-er-ences are stored
 []

[25] [26]
Overfull \hbox (23.27168pt too wide) in paragraph at lines 1640--1640
 []   \T1/zi4/m/n/9 c(0,0,0,0,0,0,0,0,0,0,0,0,0,0,0,0,1,1,1,12,13,1,1,1,2,2,2,1
8,12,19,20,2,3,11,12,4,9,5,9,22)[] 
 []

[27]
Overfull \hbox (23.27168pt too wide) in paragraph at lines 1695--1695
 []   \T1/zi4/m/n/9 c(0,0,0,0,0,0,0,0,0,0,0,0,0,0,0,0,1,1,1,12,13,1,1,1,2,2,2,1
8,12,19,20,2,3,11,12,4,9,5,9,22)[] 
 []

[28]
Overfull \hbox (23.27168pt too wide) in paragraph at lines 1749--1749
 []   \T1/zi4/m/n/9 c(0,0,0,0,0,0,0,0,0,0,0,0,0,0,0,0,1,1,1,12,13,1,1,1,2,2,2,1
8,12,19,20,2,3,11,12,4,9,5,9,22)[] 
 []


Overfull \hbox (17.32692pt too wide) in paragraph at lines 1790--1795
[]\T1/ptm/m/n/10 The for-mat of the ac-tions is a list of ac-tion. Each ac-tion
 is a list of the ac-tion name (see [][]\T1/zi4/m/n/10 POSTPROCESSING[][][]\T1/
ptm/m/n/10 )
 []

[29]
Overfull \hbox (32.26248pt too wide) in paragraph at lines 1823--1823
 []      \T1/zi4/m/n/9 c(0,0,0,0,0,0,0,0,0,0,0,0,0,0,0,0,1,1,1,12,13,1,1,1,2,2,
2,18,12,19,20,2,3,11,12,4,9,5,9,22)[] 
 []


Overfull \hbox (6.92616pt too wide) in paragraph at lines 1860--1867
\T1/ptm/m/n/10 @ref-er-ences Sar-mento RP (2019). ``Density-based Com-mu-nity D
e-tec-tion/Optimization.'' \T1/ptm/m/it/10 arXiv\T1/ptm/m/n/10 .
 []

[30] [31] [32] [33] [34]
Overfull \hbox (7.16821pt too wide) in paragraph at lines 2179--2181
[]\T1/ptm/m/n/10 The name of the post pro-cess-ing al-go-rithm. De-fault POST-P
RO-CESS-ING$NONE.
 []

[35]
Overfull \hbox (32.26248pt too wide) in paragraph at lines 2217--2217
 []      \T1/zi4/m/n/9 c(0,0,0,0,0,0,0,0,0,0,0,0,0,0,0,0,1,1,1,12,13,1,1,1,2,2,
2,18,12,19,20,2,3,11,12,4,9,5,9,22)[] 
 []

[36]
Overfull \hbox (23.27168pt too wide) in paragraph at lines 2288--2288
 []   \T1/zi4/m/n/9 c(0,0,0,0,0,0,0,0,0,0,0,0,0,0,0,0,1,1,1,12,13,1,1,1,2,2,2,1
8,12,19,20,2,3,11,12,4,9,5,9,22)[] 
 []

[37]
Overfull \hbox (23.27168pt too wide) in paragraph at lines 2346--2346
 []   \T1/zi4/m/n/9 c(0,0,0,0,0,0,0,0,0,0,0,0,0,0,0,0,1,1,1,12,13,1,1,1,2,2,2,1
8,12,19,20,2,3,11,12,4,9,5,9,22)[] 
 []

[38]
Overfull \hbox (23.27168pt too wide) in paragraph at lines 2401--2401
 []   \T1/zi4/m/n/9 c(0,0,0,0,0,0,0,0,0,0,0,0,0,0,0,0,1,1,1,12,13,1,1,1,2,2,2,1
8,12,19,20,2,3,11,12,4,9,5,9,22)[] 
 []

[39]
Overfull \hbox (23.27168pt too wide) in paragraph at lines 2454--2454
 []   \T1/zi4/m/n/9 c(0,0,0,0,0,0,0,0,0,0,0,0,0,0,0,0,1,1,1,12,13,1,1,1,2,2,2,1
8,12,19,20,2,3,11,12,4,9,5,9,22)[] 
 []

(/tmp/RtmpaNTkvx/Rd2pdf365042243561/Rd2.ind [40]

LaTeX Font Warning: Font shape `T1/zi4/m/it' undefined
(Font)              using `T1/zi4/m/n' instead on input line 14.

LaTeX Font Info:    Font shape `T1/zi4/m/it' will be
(Font)              scaled to size 10.0pt on input line 16.
[41

] [42

])
Package atveryend Info: Empty hook `BeforeClearDocument' on input line 2463.
Package atveryend Info: Empty hook `AfterLastShipout' on input line 2463.
 (/tmp/RtmpaNTkvx/Rd2pdf365042243561/Rd2.aux)
Package atveryend Info: Executing hook `AtVeryEndDocument' on input line 2463.
Package atveryend Info: Executing hook `AtEndAfterFileList' on input line 2463.

Package rerunfilecheck Info: File `Rd2.out' has not changed.
(rerunfilecheck)             Checksum: F9F7F2248A3ED2420F89A04DD3005EDC;2123.


LaTeX Font Warning: Some font shapes were not available, defaults substituted.

Package atveryend Info: Empty hook `AtVeryVeryEnd' on input line 2463.
 ) 
Here is how much of TeX's memory you used:
 6432 strings out of 483183
 96048 string characters out of 5966292
 348737 words of memory out of 5000000
 20921 multiletter control sequences out of 15000+600000
 566876 words of font info for 58 fonts, out of 8000000 for 9000
 14 hyphenation exceptions out of 8191
 44i,6n,40p,320b,602s stack positions out of 5000i,500n,10000p,200000b,80000s
pdfTeX warning (dest): name{Rfn.postProcessDensOpt} has been referenced but d
oes not exist, replaced by a fixed one

pdfTeX warning (dest): name{Rfn.version} has been referenced but does not exist
, replaced by a fixed one

{/usr/share/texlive/texmf-dist/fonts/enc/dvips/inconsolata/i4-ts1.enc}{/usr/sha
re/texlive/texmf-dist/fonts/enc/dvips/base/8r.enc}{/usr/share/texlive/texmf-dis
t/fonts/enc/dvips/inconsolata/i4-t1-0.enc}</usr/share/texlive/texmf-dist/fonts/
type1/public/inconsolata/Inconsolata-zi4r.pfb></usr/share/texlive/texmf-dist/fo
nts/type1/public/amsfonts/cm/cmsy10.pfb></usr/share/texlive/texmf-dist/fonts/ty
pe1/urw/helvetic/uhvr8a.pfb></usr/share/texlive/texmf-dist/fonts/type1/urw/time
s/utmb8a.pfb></usr/share/texlive/texmf-dist/fonts/type1/urw/times/utmr8a.pfb></
usr/share/texlive/texmf-dist/fonts/type1/urw/times/utmr8a.pfb></usr/share/texli
ve/texmf-dist/fonts/type1/urw/times/utmri8a.pfb>
Output written on Rd2.pdf (42 pages, 178505 bytes).
PDF statistics:
 1049 PDF objects out of 1200 (max. 8388607)
 988 compressed objects within 10 object streams
 391 named destinations out of 1000 (max. 500000)
 281 words of extra memory for PDF output out of 10000 (max. 10000000)

